

Started GET "/" for 10.0.2.2 at 2013-11-15 13:17:39 +0000
Processing by Rails::WelcomeController#index as HTML
  Rendered /home.rbenv/versions/2.0.0-p247/lib/ruby/gems/2.0.0/gems/railties-4.0.0/lib/rails/templates/rails/welcome/index.html.erb (36.2ms)
Completed 200 OK in 123ms (Views: 77.0ms | ActiveRecord: 0.0ms)


Started GET "/items" for 10.0.2.2 at 2013-11-15 13:22:59 +0000

ActiveRecord::PendingMigrationError (Migrations are pending; run 'rake db:migrate RAILS_ENV=development' to resolve this issue.):
  /home.rbenv/versions/2.0.0-p247/lib/ruby/gems/2.0.0/gems/activerecord-4.0.0/lib/active_record/migration.rb:379:in `check_pending!'
  /home.rbenv/versions/2.0.0-p247/lib/ruby/gems/2.0.0/gems/activerecord-4.0.0/lib/active_record/migration.rb:366:in `call'
  /home.rbenv/versions/2.0.0-p247/lib/ruby/gems/2.0.0/gems/actionpack-4.0.0/lib/action_dispatch/middleware/callbacks.rb:29:in `block in call'
  /home.rbenv/versions/2.0.0-p247/lib/ruby/gems/2.0.0/gems/activesupport-4.0.0/lib/active_support/callbacks.rb:373:in `_run__876882729__call__callbacks'
  /home.rbenv/versions/2.0.0-p247/lib/ruby/gems/2.0.0/gems/activesupport-4.0.0/lib/active_support/callbacks.rb:80:in `run_callbacks'
  /home.rbenv/versions/2.0.0-p247/lib/ruby/gems/2.0.0/gems/actionpack-4.0.0/lib/action_dispatch/middleware/callbacks.rb:27:in `call'
  /home.rbenv/versions/2.0.0-p247/lib/ruby/gems/2.0.0/gems/actionpack-4.0.0/lib/action_dispatch/middleware/reloader.rb:64:in `call'
  /home.rbenv/versions/2.0.0-p247/lib/ruby/gems/2.0.0/gems/actionpack-4.0.0/lib/action_dispatch/middleware/remote_ip.rb:76:in `call'
  /home.rbenv/versions/2.0.0-p247/lib/ruby/gems/2.0.0/gems/actionpack-4.0.0/lib/action_dispatch/middleware/debug_exceptions.rb:17:in `call'
  /home.rbenv/versions/2.0.0-p247/lib/ruby/gems/2.0.0/gems/actionpack-4.0.0/lib/action_dispatch/middleware/show_exceptions.rb:30:in `call'
  /home.rbenv/versions/2.0.0-p247/lib/ruby/gems/2.0.0/gems/railties-4.0.0/lib/rails/rack/logger.rb:38:in `call_app'
  /home.rbenv/versions/2.0.0-p247/lib/ruby/gems/2.0.0/gems/railties-4.0.0/lib/rails/rack/logger.rb:21:in `block in call'
  /home.rbenv/versions/2.0.0-p247/lib/ruby/gems/2.0.0/gems/activesupport-4.0.0/lib/active_support/tagged_logging.rb:67:in `block in tagged'
  /home.rbenv/versions/2.0.0-p247/lib/ruby/gems/2.0.0/gems/activesupport-4.0.0/lib/active_support/tagged_logging.rb:25:in `tagged'
  /home.rbenv/versions/2.0.0-p247/lib/ruby/gems/2.0.0/gems/activesupport-4.0.0/lib/active_support/tagged_logging.rb:67:in `tagged'
  /home.rbenv/versions/2.0.0-p247/lib/ruby/gems/2.0.0/gems/railties-4.0.0/lib/rails/rack/logger.rb:21:in `call'
  /home.rbenv/versions/2.0.0-p247/lib/ruby/gems/2.0.0/gems/actionpack-4.0.0/lib/action_dispatch/middleware/request_id.rb:21:in `call'
  /home.rbenv/versions/2.0.0-p247/lib/ruby/gems/2.0.0/gems/rack-1.5.2/lib/rack/methodoverride.rb:21:in `call'
  /home.rbenv/versions/2.0.0-p247/lib/ruby/gems/2.0.0/gems/rack-1.5.2/lib/rack/runtime.rb:17:in `call'
  /home.rbenv/versions/2.0.0-p247/lib/ruby/gems/2.0.0/gems/activesupport-4.0.0/lib/active_support/cache/strategy/local_cache.rb:83:in `call'
  /home.rbenv/versions/2.0.0-p247/lib/ruby/gems/2.0.0/gems/rack-1.5.2/lib/rack/lock.rb:17:in `call'
  /home.rbenv/versions/2.0.0-p247/lib/ruby/gems/2.0.0/gems/actionpack-4.0.0/lib/action_dispatch/middleware/static.rb:64:in `call'
  /home.rbenv/versions/2.0.0-p247/lib/ruby/gems/2.0.0/gems/railties-4.0.0/lib/rails/engine.rb:511:in `call'
  /home.rbenv/versions/2.0.0-p247/lib/ruby/gems/2.0.0/gems/railties-4.0.0/lib/rails/application.rb:97:in `call'
  /home.rbenv/versions/2.0.0-p247/lib/ruby/gems/2.0.0/gems/rack-1.5.2/lib/rack/lock.rb:17:in `call'
  /home.rbenv/versions/2.0.0-p247/lib/ruby/gems/2.0.0/gems/rack-1.5.2/lib/rack/content_length.rb:14:in `call'
  /home.rbenv/versions/2.0.0-p247/lib/ruby/gems/2.0.0/gems/rack-1.5.2/lib/rack/handler/webrick.rb:60:in `service'
  /home.rbenv/versions/2.0.0-p247/lib/ruby/2.0.0/webrick/httpserver.rb:138:in `service'
  /home.rbenv/versions/2.0.0-p247/lib/ruby/2.0.0/webrick/httpserver.rb:94:in `run'
  /home.rbenv/versions/2.0.0-p247/lib/ruby/2.0.0/webrick/server.rb:295:in `block in start_thread'


  Rendered /home.rbenv/versions/2.0.0-p247/lib/ruby/gems/2.0.0/gems/actionpack-4.0.0/lib/action_dispatch/middleware/templates/rescues/_source.erb (1.3ms)
  Rendered /home.rbenv/versions/2.0.0-p247/lib/ruby/gems/2.0.0/gems/actionpack-4.0.0/lib/action_dispatch/middleware/templates/rescues/_trace.erb (3.6ms)
  Rendered /home.rbenv/versions/2.0.0-p247/lib/ruby/gems/2.0.0/gems/actionpack-4.0.0/lib/action_dispatch/middleware/templates/rescues/_request_and_response.erb (1.9ms)
  Rendered /home.rbenv/versions/2.0.0-p247/lib/ruby/gems/2.0.0/gems/actionpack-4.0.0/lib/action_dispatch/middleware/templates/rescues/diagnostics.erb within rescues/layout (39.5ms)
  [1m[36m (6.0ms)[0m  [1mCREATE TABLE "schema_migrations" ("version" varchar(255) NOT NULL) [0m
  [1m[35m (6.9ms)[0m  CREATE UNIQUE INDEX "unique_schema_migrations" ON "schema_migrations" ("version")
  [1m[36mActiveRecord::SchemaMigration Load (1.6ms)[0m  [1mSELECT "schema_migrations".* FROM "schema_migrations"[0m
Migrating to CreateItems (20131115132227)
  [1m[35m (0.1ms)[0m  begin transaction
  [1m[36m (5.3ms)[0m  [1mCREATE TABLE "items" ("id" INTEGER PRIMARY KEY AUTOINCREMENT NOT NULL, "created_at" datetime, "updated_at" datetime) [0m
  [1m[35mSQL (1.5ms)[0m  INSERT INTO "schema_migrations" ("version") VALUES (?)  [["version", "20131115132227"]]
  [1m[36m (3.6ms)[0m  [1mcommit transaction[0m
  [1m[35mActiveRecord::SchemaMigration Load (1.7ms)[0m  SELECT "schema_migrations".* FROM "schema_migrations"


Started GET "/items" for 10.0.2.2 at 2013-11-15 13:23:36 +0000
  [1m[36mActiveRecord::SchemaMigration Load (1.6ms)[0m  [1mSELECT "schema_migrations".* FROM "schema_migrations"[0m
Processing by ItemsController#index as HTML
  [1m[35mItem Load (1.9ms)[0m  SELECT "items".* FROM "items"
  Rendered items/index.html.erb within layouts/application (10.3ms)
Completed 200 OK in 1021ms (Views: 961.9ms | ActiveRecord: 1.9ms)


Started GET "/assets/application.css?body=1" for 10.0.2.2 at 2013-11-15 13:23:38 +0000


Started GET "/assets/scaffolds.css?body=1" for 10.0.2.2 at 2013-11-15 13:23:38 +0000


Started GET "/assets/items.js?body=1" for 10.0.2.2 at 2013-11-15 13:23:38 +0000


Started GET "/assets/items.css?body=1" for 10.0.2.2 at 2013-11-15 13:23:38 +0000


Started GET "/assets/jquery_ujs.js?body=1" for 10.0.2.2 at 2013-11-15 13:23:39 +0000


Started GET "/assets/jquery.js?body=1" for 10.0.2.2 at 2013-11-15 13:23:39 +0000


Started GET "/assets/turbolinks.js?body=1" for 10.0.2.2 at 2013-11-15 13:23:39 +0000


Started GET "/assets/application.js?body=1" for 10.0.2.2 at 2013-11-15 13:23:39 +0000


Started GET "/" for 127.0.0.1 at 2013-11-15 13:54:48 +0000
  [1m[36mActiveRecord::SchemaMigration Load (1.7ms)[0m  [1mSELECT "schema_migrations".* FROM "schema_migrations"[0m
Processing by Rails::WelcomeController#index as HTML
  Rendered /home.rbenv/versions/2.0.0-p247/lib/ruby/gems/2.0.0/gems/railties-4.0.0/lib/rails/templates/rails/welcome/index.html.erb (6.9ms)
Completed 200 OK in 85ms (Views: 43.3ms | ActiveRecord: 0.0ms)


Started GET "/rails/info/properties" for 127.0.0.1 at 2013-11-15 13:55:14 +0000
Processing by Rails::InfoController#properties as */*
  [1m[35mActiveRecord::SchemaMigration Load (2.7ms)[0m  SELECT "schema_migrations".* FROM "schema_migrations"
  Rendered /home.rbenv/versions/2.0.0-p247/lib/ruby/gems/2.0.0/gems/railties-4.0.0/lib/rails/templates/rails/info/properties.html.erb (0.7ms)
Completed 200 OK in 36ms (Views: 19.2ms | ActiveRecord: 4.4ms)


Started GET "/" for 127.0.0.1 at 2013-11-15 14:18:16 +0000
  [1m[36mActiveRecord::SchemaMigration Load (1.8ms)[0m  [1mSELECT "schema_migrations".* FROM "schema_migrations"[0m
Processing by Rails::WelcomeController#index as HTML
  Rendered /home.rbenv/versions/2.0.0-p247/lib/ruby/gems/2.0.0/gems/railties-4.0.0/lib/rails/templates/rails/welcome/index.html.erb (6.9ms)
Completed 200 OK in 73ms (Views: 33.3ms | ActiveRecord: 0.0ms)


Started GET "/items" for 127.0.0.1 at 2013-11-15 14:18:22 +0000
  [1m[36mActiveRecord::SchemaMigration Load (1.9ms)[0m  [1mSELECT "schema_migrations".* FROM "schema_migrations"[0m
Processing by ItemsController#index as HTML
  [1m[35mItem Load (1.6ms)[0m  SELECT "items".* FROM "items"
  Rendered items/index.html.erb within layouts/application (9.4ms)
Completed 200 OK in 435ms (Views: 376.1ms | ActiveRecord: 1.6ms)


Started GET "/assets/application.css?body=1" for 127.0.0.1 at 2013-11-15 14:18:24 +0000


Started GET "/assets/scaffolds.css?body=1" for 127.0.0.1 at 2013-11-15 14:18:24 +0000


Started GET "/assets/items.css?body=1" for 127.0.0.1 at 2013-11-15 14:18:24 +0000


Started GET "/assets/jquery.js?body=1" for 127.0.0.1 at 2013-11-15 14:18:24 +0000


Started GET "/assets/turbolinks.js?body=1" for 127.0.0.1 at 2013-11-15 14:18:24 +0000


Started GET "/assets/jquery_ujs.js?body=1" for 127.0.0.1 at 2013-11-15 14:18:24 +0000


Started GET "/assets/items.js?body=1" for 127.0.0.1 at 2013-11-15 14:18:24 +0000


Started GET "/assets/application.js?body=1" for 127.0.0.1 at 2013-11-15 14:18:24 +0000


Started GET "/" for 127.0.0.1 at 2013-11-15 14:25:49 +0000
Processing by Rails::WelcomeController#index as HTML
  Rendered /home.rbenv/versions/2.0.0-p247/lib/ruby/gems/2.0.0/gems/railties-4.0.0/lib/rails/templates/rails/welcome/index.html.erb (0.9ms)
Completed 200 OK in 4ms (Views: 3.6ms | ActiveRecord: 0.0ms)
  [1m[36m (0.2ms)[0m  [1mSELECT version FROM schema_migrations[0m
  [1m[36mActiveRecord::SchemaMigration Load (0.1ms)[0m  [1mSELECT "schema_migrations".* FROM "schema_migrations"[0m
  [1m[36mActiveRecord::SchemaMigration Load (0.2ms)[0m  [1mSELECT "schema_migrations".* FROM "schema_migrations"[0m
  [1m[35m (0.1ms)[0m  begin transaction
  [1m[36mSQL (6.3ms)[0m  [1mINSERT INTO "items" ("created_at", "updated_at") VALUES (?, ?)[0m  [["created_at", Sat, 16 Nov 2013 05:21:16 UTC +00:00], ["updated_at", Sat, 16 Nov 2013 05:21:16 UTC +00:00]]
  [1m[35m (0.8ms)[0m  commit transaction
  [1m[36m (0.1ms)[0m  [1mbegin transaction[0m
  [1m[35mSQL (0.4ms)[0m  INSERT INTO "items" ("created_at", "updated_at") VALUES (?, ?)  [["created_at", Sat, 16 Nov 2013 05:21:16 UTC +00:00], ["updated_at", Sat, 16 Nov 2013 05:21:16 UTC +00:00]]
  [1m[36m (0.8ms)[0m  [1mcommit transaction[0m
  [1m[35m (0.1ms)[0m  begin transaction
  [1m[36mSQL (0.4ms)[0m  [1mINSERT INTO "items" ("created_at", "updated_at") VALUES (?, ?)[0m  [["created_at", Sat, 16 Nov 2013 05:21:16 UTC +00:00], ["updated_at", Sat, 16 Nov 2013 05:21:16 UTC +00:00]]
  [1m[35m (0.9ms)[0m  commit transaction
  [1m[36m (0.1ms)[0m  [1mbegin transaction[0m
  [1m[35mSQL (0.3ms)[0m  INSERT INTO "items" ("created_at", "updated_at") VALUES (?, ?)  [["created_at", Sat, 16 Nov 2013 05:21:16 UTC +00:00], ["updated_at", Sat, 16 Nov 2013 05:21:16 UTC +00:00]]
  [1m[36m (0.8ms)[0m  [1mcommit transaction[0m
  [1m[35m (0.0ms)[0m  begin transaction
  [1m[36mSQL (0.3ms)[0m  [1mINSERT INTO "items" ("created_at", "updated_at") VALUES (?, ?)[0m  [["created_at", Sat, 16 Nov 2013 05:21:16 UTC +00:00], ["updated_at", Sat, 16 Nov 2013 05:21:16 UTC +00:00]]
  [1m[35m (0.8ms)[0m  commit transaction
  [1m[36m (0.1ms)[0m  [1mbegin transaction[0m
  [1m[35mSQL (0.4ms)[0m  INSERT INTO "items" ("created_at", "updated_at") VALUES (?, ?)  [["created_at", Sat, 16 Nov 2013 05:21:16 UTC +00:00], ["updated_at", Sat, 16 Nov 2013 05:21:16 UTC +00:00]]
  [1m[36m (0.9ms)[0m  [1mcommit transaction[0m
  [1m[35m (0.1ms)[0m  begin transaction
  [1m[36mSQL (0.3ms)[0m  [1mINSERT INTO "items" ("created_at", "updated_at") VALUES (?, ?)[0m  [["created_at", Sat, 16 Nov 2013 05:21:16 UTC +00:00], ["updated_at", Sat, 16 Nov 2013 05:21:16 UTC +00:00]]
  [1m[35m (0.7ms)[0m  commit transaction
  [1m[36m (0.0ms)[0m  [1mbegin transaction[0m
  [1m[35mSQL (0.3ms)[0m  INSERT INTO "items" ("created_at", "updated_at") VALUES (?, ?)  [["created_at", Sat, 16 Nov 2013 05:21:16 UTC +00:00], ["updated_at", Sat, 16 Nov 2013 05:21:16 UTC +00:00]]
  [1m[36m (0.8ms)[0m  [1mcommit transaction[0m
  [1m[35m (0.1ms)[0m  begin transaction
  [1m[36mSQL (0.3ms)[0m  [1mINSERT INTO "items" ("created_at", "updated_at") VALUES (?, ?)[0m  [["created_at", Sat, 16 Nov 2013 05:21:16 UTC +00:00], ["updated_at", Sat, 16 Nov 2013 05:21:16 UTC +00:00]]
  [1m[35m (0.8ms)[0m  commit transaction
  [1m[36m (0.0ms)[0m  [1mbegin transaction[0m
  [1m[35mSQL (0.3ms)[0m  INSERT INTO "items" ("created_at", "updated_at") VALUES (?, ?)  [["created_at", Sat, 16 Nov 2013 05:21:16 UTC +00:00], ["updated_at", Sat, 16 Nov 2013 05:21:16 UTC +00:00]]
  [1m[36m (0.8ms)[0m  [1mcommit transaction[0m
  [1m[36mItem Load (1.2ms)[0m  [1mSELECT "items".* FROM "items"[0m


Started GET "/items" for 127.0.0.1 at 2013-11-16 14:23:24 +0900
  [1m[36mActiveRecord::SchemaMigration Load (0.3ms)[0m  [1mSELECT "schema_migrations".* FROM "schema_migrations"[0m

SyntaxError (/Users/sglee/Documents/ruby/codeSchool/vagrant_getting_started/app/controllers/items_controller.rb:79: syntax error, unexpected keyword_end, expecting end-of-input):
  activesupport (4.0.0) lib/active_support/dependencies.rb:423:in `load'
  activesupport (4.0.0) lib/active_support/dependencies.rb:423:in `block in load_file'
  activesupport (4.0.0) lib/active_support/dependencies.rb:615:in `new_constants_in'
  activesupport (4.0.0) lib/active_support/dependencies.rb:422:in `load_file'
  activesupport (4.0.0) lib/active_support/dependencies.rb:323:in `require_or_load'
  activesupport (4.0.0) lib/active_support/dependencies.rb:462:in `load_missing_constant'
  activesupport (4.0.0) lib/active_support/dependencies.rb:183:in `const_missing'
  activesupport (4.0.0) lib/active_support/inflector/methods.rb:226:in `const_get'
  activesupport (4.0.0) lib/active_support/inflector/methods.rb:226:in `block in constantize'
  activesupport (4.0.0) lib/active_support/inflector/methods.rb:224:in `each'
  activesupport (4.0.0) lib/active_support/inflector/methods.rb:224:in `inject'
  activesupport (4.0.0) lib/active_support/inflector/methods.rb:224:in `constantize'
  activesupport (4.0.0) lib/active_support/dependencies.rb:534:in `get'
  activesupport (4.0.0) lib/active_support/dependencies.rb:565:in `constantize'
  actionpack (4.0.0) lib/action_dispatch/routing/route_set.rb:76:in `controller_reference'
  actionpack (4.0.0) lib/action_dispatch/routing/route_set.rb:66:in `controller'
  actionpack (4.0.0) lib/action_dispatch/routing/route_set.rb:44:in `call'
  actionpack (4.0.0) lib/action_dispatch/journey/router.rb:71:in `block in call'
  actionpack (4.0.0) lib/action_dispatch/journey/router.rb:59:in `each'
  actionpack (4.0.0) lib/action_dispatch/journey/router.rb:59:in `call'
  actionpack (4.0.0) lib/action_dispatch/routing/route_set.rb:655:in `call'
  rack (1.5.2) lib/rack/etag.rb:23:in `call'
  rack (1.5.2) lib/rack/conditionalget.rb:25:in `call'
  rack (1.5.2) lib/rack/head.rb:11:in `call'
  actionpack (4.0.0) lib/action_dispatch/middleware/params_parser.rb:27:in `call'
  actionpack (4.0.0) lib/action_dispatch/middleware/flash.rb:241:in `call'
  rack (1.5.2) lib/rack/session/abstract/id.rb:225:in `context'
  rack (1.5.2) lib/rack/session/abstract/id.rb:220:in `call'
  actionpack (4.0.0) lib/action_dispatch/middleware/cookies.rb:486:in `call'
  activerecord (4.0.0) lib/active_record/query_cache.rb:36:in `call'
  activerecord (4.0.0) lib/active_record/connection_adapters/abstract/connection_pool.rb:626:in `call'
  activerecord (4.0.0) lib/active_record/migration.rb:369:in `call'
  actionpack (4.0.0) lib/action_dispatch/middleware/callbacks.rb:29:in `block in call'
  activesupport (4.0.0) lib/active_support/callbacks.rb:373:in `_run__3425828879032490714__call__callbacks'
  activesupport (4.0.0) lib/active_support/callbacks.rb:80:in `run_callbacks'
  actionpack (4.0.0) lib/action_dispatch/middleware/callbacks.rb:27:in `call'
  actionpack (4.0.0) lib/action_dispatch/middleware/reloader.rb:64:in `call'
  actionpack (4.0.0) lib/action_dispatch/middleware/remote_ip.rb:76:in `call'
  actionpack (4.0.0) lib/action_dispatch/middleware/debug_exceptions.rb:17:in `call'
  actionpack (4.0.0) lib/action_dispatch/middleware/show_exceptions.rb:30:in `call'
  railties (4.0.0) lib/rails/rack/logger.rb:38:in `call_app'
  railties (4.0.0) lib/rails/rack/logger.rb:21:in `block in call'
  activesupport (4.0.0) lib/active_support/tagged_logging.rb:67:in `block in tagged'
  activesupport (4.0.0) lib/active_support/tagged_logging.rb:25:in `tagged'
  activesupport (4.0.0) lib/active_support/tagged_logging.rb:67:in `tagged'
  railties (4.0.0) lib/rails/rack/logger.rb:21:in `call'
  actionpack (4.0.0) lib/action_dispatch/middleware/request_id.rb:21:in `call'
  rack (1.5.2) lib/rack/methodoverride.rb:21:in `call'
  rack (1.5.2) lib/rack/runtime.rb:17:in `call'
  activesupport (4.0.0) lib/active_support/cache/strategy/local_cache.rb:83:in `call'
  rack (1.5.2) lib/rack/lock.rb:17:in `call'
  actionpack (4.0.0) lib/action_dispatch/middleware/static.rb:64:in `call'
  railties (4.0.0) lib/rails/engine.rb:511:in `call'
  railties (4.0.0) lib/rails/application.rb:97:in `call'
  rack (1.5.2) lib/rack/lock.rb:17:in `call'
  rack (1.5.2) lib/rack/content_length.rb:14:in `call'
  rack (1.5.2) lib/rack/handler/webrick.rb:60:in `service'
  /Users/sglee/.rbenv/versions/2.0.0-p247/lib/ruby/2.0.0/webrick/httpserver.rb:138:in `service'
  /Users/sglee/.rbenv/versions/2.0.0-p247/lib/ruby/2.0.0/webrick/httpserver.rb:94:in `run'
  /Users/sglee/.rbenv/versions/2.0.0-p247/lib/ruby/2.0.0/webrick/server.rb:295:in `block in start_thread'


  Rendered /Users/sglee/.rbenv/versions/2.0.0-p247/lib/ruby/gems/2.0.0/gems/actionpack-4.0.0/lib/action_dispatch/middleware/templates/rescues/_source.erb (1.5ms)
  Rendered /Users/sglee/.rbenv/versions/2.0.0-p247/lib/ruby/gems/2.0.0/gems/actionpack-4.0.0/lib/action_dispatch/middleware/templates/rescues/_trace.erb (1.7ms)
  Rendered /Users/sglee/.rbenv/versions/2.0.0-p247/lib/ruby/gems/2.0.0/gems/actionpack-4.0.0/lib/action_dispatch/middleware/templates/rescues/_request_and_response.erb (34.7ms)
  Rendered /Users/sglee/.rbenv/versions/2.0.0-p247/lib/ruby/gems/2.0.0/gems/actionpack-4.0.0/lib/action_dispatch/middleware/templates/rescues/diagnostics.erb within rescues/layout (66.1ms)


Started GET "/items" for 127.0.0.1 at 2013-11-16 14:24:33 +0900
Processing by ItemsController#index as HTML
  [1m[35mItem Load (0.7ms)[0m  SELECT "items".* FROM "items"
  Rendered items/index.html.erb within layouts/application (25.2ms)
Completed 200 OK in 502ms (Views: 494.9ms | ActiveRecord: 1.3ms)


Started GET "/assets/items.js?body=1" for 127.0.0.1 at 2013-11-16 14:24:33 +0900


Started GET "/assets/application.css?body=1" for 127.0.0.1 at 2013-11-16 14:24:33 +0900


Started GET "/assets/scaffolds.css?body=1" for 127.0.0.1 at 2013-11-16 14:24:33 +0900


Started GET "/assets/turbolinks.js?body=1" for 127.0.0.1 at 2013-11-16 14:24:33 +0900


Started GET "/assets/jquery.js?body=1" for 127.0.0.1 at 2013-11-16 14:24:33 +0900


Started GET "/assets/items.css?body=1" for 127.0.0.1 at 2013-11-16 14:24:33 +0900


Started GET "/assets/jquery_ujs.js?body=1" for 127.0.0.1 at 2013-11-16 14:24:33 +0900


Started GET "/assets/application.js?body=1" for 127.0.0.1 at 2013-11-16 14:24:33 +0900


Started GET "/items.json" for 127.0.0.1 at 2013-11-16 14:25:28 +0900
Processing by ItemsController#index as JSON
  [1m[36mItem Load (0.5ms)[0m  [1mSELECT "items".* FROM "items"[0m
Completed 200 OK in 75ms (Views: 69.1ms | ActiveRecord: 0.9ms)


Started GET "/items.json" for 127.0.0.1 at 2013-11-16 14:26:59 +0900
Processing by ItemsController#index as JSON
  [1m[35mItem Load (0.8ms)[0m  SELECT "items".* FROM "items"
Completed 200 OK in 35ms (Views: 25.2ms | ActiveRecord: 1.1ms)


Started GET "/items.json" for 127.0.0.1 at 2013-11-16 14:28:49 +0900
Processing by ItemsController#index as JSON
Completed 500 Internal Server Error in 6ms

NameError (uninitialized constant ItemsController::ItemSerializer):
  app/controllers/items_controller.rb:11:in `block (2 levels) in index'
  app/controllers/items_controller.rb:9:in `index'


  Rendered /Users/sglee/.rbenv/versions/2.0.0-p247/lib/ruby/gems/2.0.0/gems/actionpack-4.0.0/lib/action_dispatch/middleware/templates/rescues/_source.erb (1.0ms)
  Rendered /Users/sglee/.rbenv/versions/2.0.0-p247/lib/ruby/gems/2.0.0/gems/actionpack-4.0.0/lib/action_dispatch/middleware/templates/rescues/_trace.erb (3.1ms)
  Rendered /Users/sglee/.rbenv/versions/2.0.0-p247/lib/ruby/gems/2.0.0/gems/actionpack-4.0.0/lib/action_dispatch/middleware/templates/rescues/_request_and_response.erb (2.4ms)
  Rendered /Users/sglee/.rbenv/versions/2.0.0-p247/lib/ruby/gems/2.0.0/gems/actionpack-4.0.0/lib/action_dispatch/middleware/templates/rescues/diagnostics.erb within rescues/layout (26.1ms)


Started GET "/items.json" for 127.0.0.1 at 2013-11-16 14:29:26 +0900
Processing by ItemsController#index as JSON
Completed 500 Internal Server Error in 6ms

NameError (uninitialized constant ItemsController::ItemSerializer):
  app/controllers/items_controller.rb:11:in `block (2 levels) in index'
  app/controllers/items_controller.rb:9:in `index'


  Rendered /Users/sglee/.rbenv/versions/2.0.0-p247/lib/ruby/gems/2.0.0/gems/actionpack-4.0.0/lib/action_dispatch/middleware/templates/rescues/_source.erb (1.4ms)
  Rendered /Users/sglee/.rbenv/versions/2.0.0-p247/lib/ruby/gems/2.0.0/gems/actionpack-4.0.0/lib/action_dispatch/middleware/templates/rescues/_trace.erb (1.5ms)
  Rendered /Users/sglee/.rbenv/versions/2.0.0-p247/lib/ruby/gems/2.0.0/gems/actionpack-4.0.0/lib/action_dispatch/middleware/templates/rescues/_request_and_response.erb (1.4ms)
  Rendered /Users/sglee/.rbenv/versions/2.0.0-p247/lib/ruby/gems/2.0.0/gems/actionpack-4.0.0/lib/action_dispatch/middleware/templates/rescues/diagnostics.erb within rescues/layout (21.8ms)


Started GET "/items.json" for 127.0.0.1 at 2013-11-16 14:29:30 +0900
Processing by ItemsController#index as JSON
Completed 500 Internal Server Error in 3ms

NameError (uninitialized constant ItemsController::ItemSerializer):
  app/controllers/items_controller.rb:11:in `block (2 levels) in index'
  app/controllers/items_controller.rb:9:in `index'


  Rendered /Users/sglee/.rbenv/versions/2.0.0-p247/lib/ruby/gems/2.0.0/gems/actionpack-4.0.0/lib/action_dispatch/middleware/templates/rescues/_source.erb (1.1ms)
  Rendered /Users/sglee/.rbenv/versions/2.0.0-p247/lib/ruby/gems/2.0.0/gems/actionpack-4.0.0/lib/action_dispatch/middleware/templates/rescues/_trace.erb (1.6ms)
  Rendered /Users/sglee/.rbenv/versions/2.0.0-p247/lib/ruby/gems/2.0.0/gems/actionpack-4.0.0/lib/action_dispatch/middleware/templates/rescues/_request_and_response.erb (1.2ms)
  Rendered /Users/sglee/.rbenv/versions/2.0.0-p247/lib/ruby/gems/2.0.0/gems/actionpack-4.0.0/lib/action_dispatch/middleware/templates/rescues/diagnostics.erb within rescues/layout (22.1ms)


Started GET "/items.json" for 127.0.0.1 at 2013-11-16 14:29:30 +0900
Processing by ItemsController#index as JSON
Completed 500 Internal Server Error in 7ms

NameError (uninitialized constant ItemsController::ItemSerializer):
  app/controllers/items_controller.rb:11:in `block (2 levels) in index'
  app/controllers/items_controller.rb:9:in `index'


  Rendered /Users/sglee/.rbenv/versions/2.0.0-p247/lib/ruby/gems/2.0.0/gems/actionpack-4.0.0/lib/action_dispatch/middleware/templates/rescues/_source.erb (1.2ms)
  Rendered /Users/sglee/.rbenv/versions/2.0.0-p247/lib/ruby/gems/2.0.0/gems/actionpack-4.0.0/lib/action_dispatch/middleware/templates/rescues/_trace.erb (1.5ms)
  Rendered /Users/sglee/.rbenv/versions/2.0.0-p247/lib/ruby/gems/2.0.0/gems/actionpack-4.0.0/lib/action_dispatch/middleware/templates/rescues/_request_and_response.erb (1.3ms)
  Rendered /Users/sglee/.rbenv/versions/2.0.0-p247/lib/ruby/gems/2.0.0/gems/actionpack-4.0.0/lib/action_dispatch/middleware/templates/rescues/diagnostics.erb within rescues/layout (20.3ms)


Started GET "/items.json" for 127.0.0.1 at 2013-11-16 14:32:18 +0900
Processing by ItemsController#index as JSON
  [1m[36mItem Load (1.0ms)[0m  [1mSELECT "items".* FROM "items"[0m
Completed 200 OK in 39ms (Views: 30.5ms | ActiveRecord: 1.3ms)


Started GET "/items.json" for 127.0.0.1 at 2013-11-16 14:32:24 +0900
Processing by ItemsController#index as JSON
  [1m[35mItem Load (0.4ms)[0m  SELECT "items".* FROM "items"
Completed 200 OK in 181ms (Views: 178.9ms | ActiveRecord: 0.4ms)


Started GET "/items.json" for 127.0.0.1 at 2013-11-16 14:33:05 +0900
Processing by ItemsController#index as JSON
  [1m[36mItem Load (0.5ms)[0m  [1mSELECT "items".* FROM "items"[0m
Completed 200 OK in 21ms (Views: 16.4ms | ActiveRecord: 0.9ms)


Started GET "/items.json" for 127.0.0.1 at 2013-11-16 14:34:20 +0900
Processing by ItemsController#index as JSON
Completed 500 Internal Server Error in 4ms

NameError (uninitialized constant ItemsController::CustomItemSerializer):
  app/controllers/items_controller.rb:11:in `block (2 levels) in index'
  app/controllers/items_controller.rb:9:in `index'


  Rendered /Users/sglee/.rbenv/versions/2.0.0-p247/lib/ruby/gems/2.0.0/gems/actionpack-4.0.0/lib/action_dispatch/middleware/templates/rescues/_source.erb (1.9ms)
  Rendered /Users/sglee/.rbenv/versions/2.0.0-p247/lib/ruby/gems/2.0.0/gems/actionpack-4.0.0/lib/action_dispatch/middleware/templates/rescues/_trace.erb (1.7ms)
  Rendered /Users/sglee/.rbenv/versions/2.0.0-p247/lib/ruby/gems/2.0.0/gems/actionpack-4.0.0/lib/action_dispatch/middleware/templates/rescues/_request_and_response.erb (2.8ms)
  Rendered /Users/sglee/.rbenv/versions/2.0.0-p247/lib/ruby/gems/2.0.0/gems/actionpack-4.0.0/lib/action_dispatch/middleware/templates/rescues/diagnostics.erb within rescues/layout (34.9ms)


Started GET "/items.json" for 127.0.0.1 at 2013-11-16 14:36:30 +0900
Processing by ItemsController#index as JSON
Completed 500 Internal Server Error in 10ms

NameError (uninitialized constant ItemsController::CustomItemSerializer):
  app/controllers/items_controller.rb:15:in `block (2 levels) in index'
  app/controllers/items_controller.rb:13:in `index'


  Rendered /Users/sglee/.rbenv/versions/2.0.0-p247/lib/ruby/gems/2.0.0/gems/actionpack-4.0.0/lib/action_dispatch/middleware/templates/rescues/_source.erb (1.4ms)
  Rendered /Users/sglee/.rbenv/versions/2.0.0-p247/lib/ruby/gems/2.0.0/gems/actionpack-4.0.0/lib/action_dispatch/middleware/templates/rescues/_trace.erb (2.2ms)
  Rendered /Users/sglee/.rbenv/versions/2.0.0-p247/lib/ruby/gems/2.0.0/gems/actionpack-4.0.0/lib/action_dispatch/middleware/templates/rescues/_request_and_response.erb (2.0ms)
  Rendered /Users/sglee/.rbenv/versions/2.0.0-p247/lib/ruby/gems/2.0.0/gems/actionpack-4.0.0/lib/action_dispatch/middleware/templates/rescues/diagnostics.erb within rescues/layout (31.1ms)


Started GET "/items.json" for 127.0.0.1 at 2013-11-16 14:37:49 +0900
Processing by ItemsController#index as JSON
Completed 500 Internal Server Error in 2ms

NameError (uninitialized constant ItemsController::CustomItemSerializer):
  app/controllers/items_controller.rb:15:in `block (2 levels) in index'
  app/controllers/items_controller.rb:13:in `index'


  Rendered /Users/sglee/.rbenv/versions/2.0.0-p247/lib/ruby/gems/2.0.0/gems/actionpack-4.0.0/lib/action_dispatch/middleware/templates/rescues/_source.erb (1.3ms)
  Rendered /Users/sglee/.rbenv/versions/2.0.0-p247/lib/ruby/gems/2.0.0/gems/actionpack-4.0.0/lib/action_dispatch/middleware/templates/rescues/_trace.erb (1.8ms)
  Rendered /Users/sglee/.rbenv/versions/2.0.0-p247/lib/ruby/gems/2.0.0/gems/actionpack-4.0.0/lib/action_dispatch/middleware/templates/rescues/_request_and_response.erb (1.8ms)
  Rendered /Users/sglee/.rbenv/versions/2.0.0-p247/lib/ruby/gems/2.0.0/gems/actionpack-4.0.0/lib/action_dispatch/middleware/templates/rescues/diagnostics.erb within rescues/layout (27.0ms)


Started GET "/items.json" for 127.0.0.1 at 2013-11-16 14:37:50 +0900
Processing by ItemsController#index as JSON
Completed 500 Internal Server Error in 2ms

NameError (uninitialized constant ItemsController::CustomItemSerializer):
  app/controllers/items_controller.rb:15:in `block (2 levels) in index'
  app/controllers/items_controller.rb:13:in `index'


  Rendered /Users/sglee/.rbenv/versions/2.0.0-p247/lib/ruby/gems/2.0.0/gems/actionpack-4.0.0/lib/action_dispatch/middleware/templates/rescues/_source.erb (1.0ms)
  Rendered /Users/sglee/.rbenv/versions/2.0.0-p247/lib/ruby/gems/2.0.0/gems/actionpack-4.0.0/lib/action_dispatch/middleware/templates/rescues/_trace.erb (2.4ms)
  Rendered /Users/sglee/.rbenv/versions/2.0.0-p247/lib/ruby/gems/2.0.0/gems/actionpack-4.0.0/lib/action_dispatch/middleware/templates/rescues/_request_and_response.erb (1.2ms)
  Rendered /Users/sglee/.rbenv/versions/2.0.0-p247/lib/ruby/gems/2.0.0/gems/actionpack-4.0.0/lib/action_dispatch/middleware/templates/rescues/diagnostics.erb within rescues/layout (26.7ms)


Started GET "/items.json" for 127.0.0.1 at 2013-11-16 14:37:51 +0900
Processing by ItemsController#index as JSON
Completed 500 Internal Server Error in 4ms

NameError (uninitialized constant ItemsController::CustomItemSerializer):
  app/controllers/items_controller.rb:15:in `block (2 levels) in index'
  app/controllers/items_controller.rb:13:in `index'


  Rendered /Users/sglee/.rbenv/versions/2.0.0-p247/lib/ruby/gems/2.0.0/gems/actionpack-4.0.0/lib/action_dispatch/middleware/templates/rescues/_source.erb (1.5ms)
  Rendered /Users/sglee/.rbenv/versions/2.0.0-p247/lib/ruby/gems/2.0.0/gems/actionpack-4.0.0/lib/action_dispatch/middleware/templates/rescues/_trace.erb (1.4ms)
  Rendered /Users/sglee/.rbenv/versions/2.0.0-p247/lib/ruby/gems/2.0.0/gems/actionpack-4.0.0/lib/action_dispatch/middleware/templates/rescues/_request_and_response.erb (1.5ms)
  Rendered /Users/sglee/.rbenv/versions/2.0.0-p247/lib/ruby/gems/2.0.0/gems/actionpack-4.0.0/lib/action_dispatch/middleware/templates/rescues/diagnostics.erb within rescues/layout (23.7ms)


Started GET "/items.json" for 127.0.0.1 at 2013-11-16 14:37:51 +0900
Processing by ItemsController#index as JSON
Completed 500 Internal Server Error in 2ms

NameError (uninitialized constant ItemsController::CustomItemSerializer):
  app/controllers/items_controller.rb:15:in `block (2 levels) in index'
  app/controllers/items_controller.rb:13:in `index'


  Rendered /Users/sglee/.rbenv/versions/2.0.0-p247/lib/ruby/gems/2.0.0/gems/actionpack-4.0.0/lib/action_dispatch/middleware/templates/rescues/_source.erb (0.9ms)
  Rendered /Users/sglee/.rbenv/versions/2.0.0-p247/lib/ruby/gems/2.0.0/gems/actionpack-4.0.0/lib/action_dispatch/middleware/templates/rescues/_trace.erb (1.4ms)
  Rendered /Users/sglee/.rbenv/versions/2.0.0-p247/lib/ruby/gems/2.0.0/gems/actionpack-4.0.0/lib/action_dispatch/middleware/templates/rescues/_request_and_response.erb (1.2ms)
  Rendered /Users/sglee/.rbenv/versions/2.0.0-p247/lib/ruby/gems/2.0.0/gems/actionpack-4.0.0/lib/action_dispatch/middleware/templates/rescues/diagnostics.erb within rescues/layout (17.2ms)


Started GET "/items.json" for 127.0.0.1 at 2013-11-16 14:39:46 +0900
Processing by ItemsController#index as JSON
Completed 500 Internal Server Error in 6ms

NameError (uninitialized constant ItemsController::CustomItemSerializer):
  app/controllers/items_controller.rb:11:in `block (2 levels) in index'
  app/controllers/items_controller.rb:9:in `index'


  Rendered /Users/sglee/.rbenv/versions/2.0.0-p247/lib/ruby/gems/2.0.0/gems/actionpack-4.0.0/lib/action_dispatch/middleware/templates/rescues/_source.erb (1.2ms)
  Rendered /Users/sglee/.rbenv/versions/2.0.0-p247/lib/ruby/gems/2.0.0/gems/actionpack-4.0.0/lib/action_dispatch/middleware/templates/rescues/_trace.erb (2.0ms)
  Rendered /Users/sglee/.rbenv/versions/2.0.0-p247/lib/ruby/gems/2.0.0/gems/actionpack-4.0.0/lib/action_dispatch/middleware/templates/rescues/_request_and_response.erb (1.9ms)
  Rendered /Users/sglee/.rbenv/versions/2.0.0-p247/lib/ruby/gems/2.0.0/gems/actionpack-4.0.0/lib/action_dispatch/middleware/templates/rescues/diagnostics.erb within rescues/layout (25.7ms)


Started GET "/items" for 127.0.0.1 at 2013-11-16 14:44:16 +0900
Processing by ItemsController#index as HTML
  [1m[35mItem Load (2.5ms)[0m  SELECT "items".* FROM "items"
  Rendered items/index.html.erb within layouts/application (39.3ms)
Completed 200 OK in 63ms (Views: 54.4ms | ActiveRecord: 2.9ms)


Started GET "/assets/items.js?body=1" for 127.0.0.1 at 2013-11-16 14:44:16 +0900


Started GET "/assets/jquery.js?body=1" for 127.0.0.1 at 2013-11-16 14:44:16 +0900


Started GET "/assets/application.css?body=1" for 127.0.0.1 at 2013-11-16 14:44:16 +0900


Started GET "/assets/items.css?body=1" for 127.0.0.1 at 2013-11-16 14:44:16 +0900


Started GET "/assets/scaffolds.css?body=1" for 127.0.0.1 at 2013-11-16 14:44:16 +0900


Started GET "/assets/jquery_ujs.js?body=1" for 127.0.0.1 at 2013-11-16 14:44:16 +0900


Started GET "/assets/application.js?body=1" for 127.0.0.1 at 2013-11-16 14:44:16 +0900


Started GET "/assets/turbolinks.js?body=1" for 127.0.0.1 at 2013-11-16 14:44:16 +0900


Started GET "/items.json" for 127.0.0.1 at 2013-11-16 14:44:19 +0900
Processing by ItemsController#index as JSON
Completed 500 Internal Server Error in 124ms

NameError (uninitialized constant ItemsController::CustomItemSerializer):
  app/controllers/items_controller.rb:11:in `block (2 levels) in index'
  app/controllers/items_controller.rb:9:in `index'


  Rendered /Users/sglee/.rbenv/versions/2.0.0-p247/lib/ruby/gems/2.0.0/gems/actionpack-4.0.0/lib/action_dispatch/middleware/templates/rescues/_source.erb (1.1ms)
  Rendered /Users/sglee/.rbenv/versions/2.0.0-p247/lib/ruby/gems/2.0.0/gems/actionpack-4.0.0/lib/action_dispatch/middleware/templates/rescues/_trace.erb (1.5ms)
  Rendered /Users/sglee/.rbenv/versions/2.0.0-p247/lib/ruby/gems/2.0.0/gems/actionpack-4.0.0/lib/action_dispatch/middleware/templates/rescues/_request_and_response.erb (1.3ms)
  Rendered /Users/sglee/.rbenv/versions/2.0.0-p247/lib/ruby/gems/2.0.0/gems/actionpack-4.0.0/lib/action_dispatch/middleware/templates/rescues/diagnostics.erb within rescues/layout (22.5ms)


Started GET "/items.json" for 127.0.0.1 at 2013-11-16 14:47:37 +0900
Processing by ItemsController#index as JSON
Completed 500 Internal Server Error in 6ms

NameError (uninitialized constant ItemsController::CustomItemSerializer):
  app/controllers/items_controller.rb:11:in `block (2 levels) in index'
  app/controllers/items_controller.rb:9:in `index'


  Rendered /Users/sglee/.rbenv/versions/2.0.0-p247/lib/ruby/gems/2.0.0/gems/actionpack-4.0.0/lib/action_dispatch/middleware/templates/rescues/_source.erb (0.8ms)
  Rendered /Users/sglee/.rbenv/versions/2.0.0-p247/lib/ruby/gems/2.0.0/gems/actionpack-4.0.0/lib/action_dispatch/middleware/templates/rescues/_trace.erb (1.5ms)
  Rendered /Users/sglee/.rbenv/versions/2.0.0-p247/lib/ruby/gems/2.0.0/gems/actionpack-4.0.0/lib/action_dispatch/middleware/templates/rescues/_request_and_response.erb (1.2ms)
  Rendered /Users/sglee/.rbenv/versions/2.0.0-p247/lib/ruby/gems/2.0.0/gems/actionpack-4.0.0/lib/action_dispatch/middleware/templates/rescues/diagnostics.erb within rescues/layout (20.5ms)


Started GET "/items.json" for 127.0.0.1 at 2013-11-16 14:50:03 +0900
  [1m[36mActiveRecord::SchemaMigration Load (0.3ms)[0m  [1mSELECT "schema_migrations".* FROM "schema_migrations"[0m
Processing by ItemsController#index as JSON
  [1m[35mItem Load (0.3ms)[0m  SELECT "items".* FROM "items"
Completed 500 Internal Server Error in 54ms

NoMethodError (undefined method `read_attribute_for_serialization' for #<ActiveRecord::Relation::ActiveRecord_Relation_Item:0x007ff599b51e18>):
  app/controllers/items_controller.rb:11:in `block (2 levels) in index'
  app/controllers/items_controller.rb:9:in `index'


  Rendered /Users/sglee/.rbenv/versions/2.0.0-p247/lib/ruby/gems/2.0.0/gems/actionpack-4.0.0/lib/action_dispatch/middleware/templates/rescues/_source.erb (1.0ms)
  Rendered /Users/sglee/.rbenv/versions/2.0.0-p247/lib/ruby/gems/2.0.0/gems/actionpack-4.0.0/lib/action_dispatch/middleware/templates/rescues/_trace.erb (1.5ms)
  Rendered /Users/sglee/.rbenv/versions/2.0.0-p247/lib/ruby/gems/2.0.0/gems/actionpack-4.0.0/lib/action_dispatch/middleware/templates/rescues/_request_and_response.erb (1.3ms)
  Rendered /Users/sglee/.rbenv/versions/2.0.0-p247/lib/ruby/gems/2.0.0/gems/actionpack-4.0.0/lib/action_dispatch/middleware/templates/rescues/diagnostics.erb within rescues/layout (25.7ms)


Started GET "/items.json" for 127.0.0.1 at 2013-11-16 14:53:07 +0900
Processing by ItemsController#index as JSON
  [1m[36mItem Load (0.8ms)[0m  [1mSELECT "items".* FROM "items"[0m
Completed 200 OK in 39ms (Views: 27.4ms | ActiveRecord: 1.3ms)


Started GET "/items.json" for 127.0.0.1 at 2013-11-16 14:54:24 +0900
Processing by ItemsController#index as JSON
  [1m[35mItem Load (0.7ms)[0m  SELECT "items".* FROM "items"
Completed 200 OK in 20ms (Views: 13.4ms | ActiveRecord: 0.9ms)


Started GET "/items.json" for 127.0.0.1 at 2013-11-16 14:54:26 +0900
Processing by ItemsController#index as JSON
  [1m[36mItem Load (0.5ms)[0m  [1mSELECT "items".* FROM "items"[0m
Completed 200 OK in 4ms (Views: 1.9ms | ActiveRecord: 0.5ms)
